2018-11-13 22:00:02.279 INFO  201804201330 | upload_file. oldpath:/var/folders/tl/6v9jcqtn5xnbp89_r27_m8t40000gn/T/upload_f82913dd53cf7b9924c80380b2371a30, file_path:users/admin/demo/8-9 _with comments PS.pdf 
2018-11-13 22:00:02.280 INFO  201804201330 | upload_file. oldpath:/var/folders/tl/6v9jcqtn5xnbp89_r27_m8t40000gn/T/upload_ecfaf4416a000e59fd06bac429e0455d, file_path:users/admin/demo/8-9.pdf 
2018-11-13 22:00:20.112 INFO  201804201330 | upload_file. oldpath:/var/folders/tl/6v9jcqtn5xnbp89_r27_m8t40000gn/T/upload_a9f3ce397fd256f82991236266aa0f89, file_path:users/admin/demo/croaks/8-9 _with comments PS.pdf 
2018-11-13 22:00:20.112 INFO  201804201330 | upload_file. oldpath:/var/folders/tl/6v9jcqtn5xnbp89_r27_m8t40000gn/T/upload_bfed963941d4508677dfee1bf37282cc, file_path:users/admin/demo/croaks/8-9.pdf 
2018-11-13 23:43:35.210 INFO  201804201330 | upload_file. oldpath:/var/folders/tl/6v9jcqtn5xnbp89_r27_m8t40000gn/T/upload_2c6ef883f1bfd8697941f996d11656b7, file_path:users/admin/demo/rauch.jcp2006.pdf 
2018-11-13 23:43:35.212 INFO  201804201330 | upload_file. oldpath:/var/folders/tl/6v9jcqtn5xnbp89_r27_m8t40000gn/T/upload_26f1a334ae846456ed9b39ffd6557cd2, file_path:users/admin/demo/PIIS0966636207001294.pdf 
2018-11-13 23:43:35.212 INFO  201804201330 | upload_file. oldpath:/var/folders/tl/6v9jcqtn5xnbp89_r27_m8t40000gn/T/upload_a1bf95485856ea45c4e49a6729f18b0d, file_path:users/admin/demo/PIIS0966636207001294(1).pdf 
2018-11-13 23:43:35.212 INFO  201804201330 | upload_file. oldpath:/var/folders/tl/6v9jcqtn5xnbp89_r27_m8t40000gn/T/upload_6921d384f8ff3611f6081578ea493872, file_path:users/admin/demo/8-9 _with comments PS.pdf 
2018-11-14 09:12:00.424 INFO  201804201330 | upload_file. oldpath:/var/folders/tl/6v9jcqtn5xnbp89_r27_m8t40000gn/T/upload_bba001e0c7d80f6777a0326c60c47f9f, file_path:users/admin/demo/image2018-04-11-150050.pdf 
2018-11-14 09:12:00.424 INFO  201804201330 | upload_file. oldpath:/var/folders/tl/6v9jcqtn5xnbp89_r27_m8t40000gn/T/upload_292c394c69967f34c7d52f5f6d26fbae, file_path:users/admin/demo/image2018-05-16-134219.pdf 
2018-11-14 09:18:53.866 INFO  201804201330 | upload_file. oldpath:/var/folders/tl/6v9jcqtn5xnbp89_r27_m8t40000gn/T/upload_b43c4fa8aed44464c1958ccaf4aa3585, file_path:users/admin/demo/image2018-04-11-150050.pdf 
2018-11-14 09:18:53.866 INFO  201804201330 | upload_file. oldpath:/var/folders/tl/6v9jcqtn5xnbp89_r27_m8t40000gn/T/upload_ed44920b4bd007350de16957a3a1a6d9, file_path:users/admin/demo/image2018-05-16-134219.pdf 
2018-11-14 09:20:01.396 INFO  201804201330 | upload_file. oldpath:/var/folders/tl/6v9jcqtn5xnbp89_r27_m8t40000gn/T/upload_cbe75370bc38e428cb48fbd0b4e2bd0c, file_path:users/admin/demo/image2018-04-11-150050.pdf 
2018-11-14 09:20:01.396 INFO  201804201330 | upload_file. oldpath:/var/folders/tl/6v9jcqtn5xnbp89_r27_m8t40000gn/T/upload_7eff97b45b5295a731d8e504a7f863cd, file_path:users/admin/demo/image2018-05-16-134219.pdf 
2018-11-14 09:32:18.934 INFO  201804201330 | upload_file. oldpath:/var/folders/tl/6v9jcqtn5xnbp89_r27_m8t40000gn/T/upload_8eb3ba5b835fd4a8d7dd621a5fa85051, file_path:users/admin/demo/asdfasdf/image2018-04-11-150050.pdf 
2018-11-14 09:32:18.934 INFO  201804201330 | upload_file. oldpath:/var/folders/tl/6v9jcqtn5xnbp89_r27_m8t40000gn/T/upload_76528991b67afc0e7683fe7a9752b480, file_path:users/admin/demo/asdfasdf/image2018-05-16-134219.pdf 
2018-11-14 09:32:25.443 INFO  201804201330 | upload_file. oldpath:/var/folders/tl/6v9jcqtn5xnbp89_r27_m8t40000gn/T/upload_0d438903fdf25af10edeeb6047d1666f, file_path:users/admin/demo/croaks/image2018-04-11-150050.pdf 
2018-11-14 09:32:25.443 INFO  201804201330 | upload_file. oldpath:/var/folders/tl/6v9jcqtn5xnbp89_r27_m8t40000gn/T/upload_eb1e19bad0efc5de2398e3db00559549, file_path:users/admin/demo/croaks/image2018-05-16-134219.pdf 
2018-11-14 09:34:02.692 INFO  201804201330 | upload_file. oldpath:/var/folders/tl/6v9jcqtn5xnbp89_r27_m8t40000gn/T/upload_c0104888230c2a96143930c40354a723, file_path:users/admin/demo/image2018-05-16-134219.pdf 
2018-11-14 10:08:01.062 INFO  201804201330 | upload_file. oldpath:/var/folders/tl/6v9jcqtn5xnbp89_r27_m8t40000gn/T/upload_da2314f4922ad66c1026a30d7553d6da, file_path:users/admin/demo/asdfasdf/croack/image2018-04-11-150050.pdf 
2018-11-14 10:08:01.062 INFO  201804201330 | upload_file. oldpath:/var/folders/tl/6v9jcqtn5xnbp89_r27_m8t40000gn/T/upload_e94a985fcd5da72df0c6d540b4827b12, file_path:users/admin/demo/asdfasdf/croack/image2018-05-16-134219.pdf 
