2018-07-20 00:27:13.553 INFO  201804201319 | new login: admin 
2018-07-20 00:28:20.648 INFO  201804201319 | new login: admin 
2018-07-20 00:28:28.276 INFO  201804201330 | upload_file. oldpath:/var/folders/tl/6v9jcqtn5xnbp89_r27_m8t40000gn/T/upload_6b6be5492bc7da6bab845c726f3b5006, file_path:users/admin/jspsych/sun/.DS_Store 
2018-07-20 00:28:28.276 INFO  201804201330 | upload_file. oldpath:/var/folders/tl/6v9jcqtn5xnbp89_r27_m8t40000gn/T/upload_6131888463b61ea00196302e9df8e313, file_path:users/admin/jspsych/sun/אישור זכויות 1.jpeg 
2018-07-20 00:28:28.277 INFO  201804201330 | upload_file. oldpath:/var/folders/tl/6v9jcqtn5xnbp89_r27_m8t40000gn/T/upload_4cbd586bad4cb411ca2d98109d45a387, file_path:users/admin/jspsych/sun/אישור זכויות 2.jpeg 
2018-07-20 00:28:28.277 INFO  201804201330 | upload_file. oldpath:/var/folders/tl/6v9jcqtn5xnbp89_r27_m8t40000gn/T/upload_a09a62a01c49c4f42632659a4a4dd8f3, file_path:users/admin/jspsych/sun/sag/זמני תפילות בהתיישבות.pdf 
2018-07-20 00:30:46.870 INFO  201804201319 | new login: admin 
2018-07-20 00:31:06.598 INFO  201804201330 | upload_file. oldpath:/var/folders/tl/6v9jcqtn5xnbp89_r27_m8t40000gn/T/upload_4aa7064a4d202965f45e6bd762f54f33, file_path:users/admin/jspsych/sun/.DS_Store 
2018-07-20 00:31:06.599 INFO  201804201330 | upload_file. oldpath:/var/folders/tl/6v9jcqtn5xnbp89_r27_m8t40000gn/T/upload_80d2726e6d654262a380d5955d8b725b, file_path:users/admin/jspsych/sun/אישור זכויות 1.jpeg 
2018-07-20 00:31:06.599 INFO  201804201330 | upload_file. oldpath:/var/folders/tl/6v9jcqtn5xnbp89_r27_m8t40000gn/T/upload_2148bbfd9d5a64966a9a16fe0c1464e5, file_path:users/admin/jspsych/sun/אישור זכויות 2.jpeg 
2018-07-20 00:31:06.599 INFO  201804201330 | upload_file. oldpath:/var/folders/tl/6v9jcqtn5xnbp89_r27_m8t40000gn/T/upload_47a5cdd369c7c88f54f7e159702f2f2f, file_path:users/admin/jspsych/sun/sag/זמני תפילות בהתיישבות.pdf 
2018-07-20 00:32:26.399 INFO  201804201319 | new login: admin 
2018-07-20 00:32:39.762 INFO  201804201330 | upload_file. oldpath:/var/folders/tl/6v9jcqtn5xnbp89_r27_m8t40000gn/T/upload_9b27d32a88db6fe105a5acfed726a01c, file_path:users/admin/jspsych/sun/.DS_Store 
2018-07-20 00:32:39.764 INFO  201804201330 | upload_file. oldpath:/var/folders/tl/6v9jcqtn5xnbp89_r27_m8t40000gn/T/upload_28a38d3c54606b9ef51bb527f1fc0645, file_path:users/admin/jspsych/sun/אישור זכויות 1.jpeg 
2018-07-20 00:32:39.764 INFO  201804201330 | upload_file. oldpath:/var/folders/tl/6v9jcqtn5xnbp89_r27_m8t40000gn/T/upload_2b28e97a1382f539be79cc1c898fc9d9, file_path:users/admin/jspsych/sun/אישור זכויות 2.jpeg 
2018-07-20 00:32:39.764 INFO  201804201330 | upload_file. oldpath:/var/folders/tl/6v9jcqtn5xnbp89_r27_m8t40000gn/T/upload_5382e5d8bca6b29d4294d9704607a464, file_path:users/admin/jspsych/sun/sag/זמני תפילות בהתיישבות.pdf 
2018-07-20 00:33:04.471 INFO  201804201330 | upload_file. oldpath:/var/folders/tl/6v9jcqtn5xnbp89_r27_m8t40000gn/T/upload_73a94d9b7cf38ebb52d7854e7fc9c565, file_path:users/admin/jspsych/sun/.DS_Store 
2018-07-20 00:33:04.471 INFO  201804201330 | upload_file. oldpath:/var/folders/tl/6v9jcqtn5xnbp89_r27_m8t40000gn/T/upload_6ba9a0f826a679a58849dbb27c0cc993, file_path:users/admin/jspsych/sun/אישור זכויות 1.jpeg 
2018-07-20 00:33:04.471 INFO  201804201330 | upload_file. oldpath:/var/folders/tl/6v9jcqtn5xnbp89_r27_m8t40000gn/T/upload_7b27b4bb194b4113a02493d3449bb01c, file_path:users/admin/jspsych/sun/אישור זכויות 2.jpeg 
2018-07-20 00:33:04.471 INFO  201804201330 | upload_file. oldpath:/var/folders/tl/6v9jcqtn5xnbp89_r27_m8t40000gn/T/upload_3e509d9e07644d1dbf8fe391f6a6723d, file_path:users/admin/jspsych/sun/sag/זמני תפילות בהתיישבות.pdf 
2018-07-20 00:33:24.796 INFO  201804201330 | upload_file. oldpath:/var/folders/tl/6v9jcqtn5xnbp89_r27_m8t40000gn/T/upload_8ead1395e811025b59b1444ed751cea7, file_path:users/admin/jspsych/sun/.DS_Store 
2018-07-20 00:33:24.796 INFO  201804201330 | upload_file. oldpath:/var/folders/tl/6v9jcqtn5xnbp89_r27_m8t40000gn/T/upload_8467f32dc71286567c05ee7a26b302f9, file_path:users/admin/jspsych/sun/אישור זכויות 1.jpeg 
2018-07-20 00:33:24.797 INFO  201804201330 | upload_file. oldpath:/var/folders/tl/6v9jcqtn5xnbp89_r27_m8t40000gn/T/upload_a13c494c18f48b7a8e5cf2303821aea5, file_path:users/admin/jspsych/sun/אישור זכויות 2.jpeg 
2018-07-20 00:33:24.797 INFO  201804201330 | upload_file. oldpath:/var/folders/tl/6v9jcqtn5xnbp89_r27_m8t40000gn/T/upload_546305e307fd59a419b10828fbd648be, file_path:users/admin/jspsych/sun/sag/זמני תפילות בהתיישבות.pdf 
2018-07-20 01:27:39.909 INFO  201804201319 | new login: admin 
2018-07-20 01:27:53.402 INFO  201804201330 | upload_file. oldpath:/var/folders/tl/6v9jcqtn5xnbp89_r27_m8t40000gn/T/upload_a682794faacd6263c76bf17efd1302f0, file_path:users/admin/jspsych/sun/.DS_Store 
2018-07-20 01:27:53.403 INFO  201804201330 | upload_file. oldpath:/var/folders/tl/6v9jcqtn5xnbp89_r27_m8t40000gn/T/upload_ee8ab4909187612159696d259eae4de7, file_path:users/admin/jspsych/sun/אישור זכויות 1.jpeg 
2018-07-20 01:27:53.403 INFO  201804201330 | upload_file. oldpath:/var/folders/tl/6v9jcqtn5xnbp89_r27_m8t40000gn/T/upload_ad96b2a8401c1bee0881f626827b0d65, file_path:users/admin/jspsych/sun/אישור זכויות 2.jpeg 
2018-07-20 01:27:53.403 INFO  201804201330 | upload_file. oldpath:/var/folders/tl/6v9jcqtn5xnbp89_r27_m8t40000gn/T/upload_48ed3ad8ea0516d732df97b219fbd804, file_path:users/admin/jspsych/sun/sag/זמני תפילות בהתיישבות.pdf 
2018-07-20 01:28:38.359 INFO  201804201330 | upload_file. oldpath:/var/folders/tl/6v9jcqtn5xnbp89_r27_m8t40000gn/T/upload_6edb6981171d295357693a79e2486f85, file_path:users/admin/jspsych/sun/.DS_Store 
2018-07-20 01:28:38.360 INFO  201804201330 | upload_file. oldpath:/var/folders/tl/6v9jcqtn5xnbp89_r27_m8t40000gn/T/upload_d3c38a8c0052144c2785cbf72d9fbcd4, file_path:users/admin/jspsych/sun/אישור זכויות 1.jpeg 
2018-07-20 01:28:38.360 INFO  201804201330 | upload_file. oldpath:/var/folders/tl/6v9jcqtn5xnbp89_r27_m8t40000gn/T/upload_222ce2174fac925023773f36e9f2dc84, file_path:users/admin/jspsych/sun/אישור זכויות 2.jpeg 
2018-07-20 01:28:38.360 INFO  201804201330 | upload_file. oldpath:/var/folders/tl/6v9jcqtn5xnbp89_r27_m8t40000gn/T/upload_9596ce210fe70514c2d5f204374bb71a, file_path:users/admin/jspsych/sun/sag/זמני תפילות בהתיישבות.pdf 
2018-07-20 09:49:22.468 INFO  201804201319 | new login: admin 
2018-07-20 13:55:31.922 INFO  201804201330 | upload_file. oldpath:/var/folders/tl/6v9jcqtn5xnbp89_r27_m8t40000gn/T/upload_fde7d5a12eb7d5a104722234ff56a1be, file_path:users/admin/jspsych/sun/.DS_Store 
2018-07-20 13:55:31.925 INFO  201804201330 | upload_file. oldpath:/var/folders/tl/6v9jcqtn5xnbp89_r27_m8t40000gn/T/upload_b21b0b7ca137d564dd405a4378a0ffd7, file_path:users/admin/jspsych/sun/אישור זכויות 1.jpeg 
2018-07-20 13:55:31.925 INFO  201804201330 | upload_file. oldpath:/var/folders/tl/6v9jcqtn5xnbp89_r27_m8t40000gn/T/upload_f9d0dcd8bd7f3c93bea014f47aa545d0, file_path:users/admin/jspsych/sun/אישור זכויות 2.jpeg 
2018-07-20 13:55:31.925 INFO  201804201330 | upload_file. oldpath:/var/folders/tl/6v9jcqtn5xnbp89_r27_m8t40000gn/T/upload_4116064c19cf627df720f145f194a0e4, file_path:users/admin/jspsych/sun/sag/זמני תפילות בהתיישבות.pdf 
2018-07-20 13:56:50.989 INFO  201804201330 | upload_file. oldpath:/var/folders/tl/6v9jcqtn5xnbp89_r27_m8t40000gn/T/upload_ec9fb507661e056ad61c76a21bd6f8e3, file_path:users/admin/jspsych/sun/.DS_Store 
2018-07-20 13:56:50.989 INFO  201804201330 | upload_file. oldpath:/var/folders/tl/6v9jcqtn5xnbp89_r27_m8t40000gn/T/upload_346418ed25047c470bce149288a0d916, file_path:users/admin/jspsych/sun/אישור זכויות 1.jpeg 
2018-07-20 13:56:50.989 INFO  201804201330 | upload_file. oldpath:/var/folders/tl/6v9jcqtn5xnbp89_r27_m8t40000gn/T/upload_fd644191bc890db3bb0dbb3e5a379262, file_path:users/admin/jspsych/sun/אישור זכויות 2.jpeg 
2018-07-20 13:56:50.990 INFO  201804201330 | upload_file. oldpath:/var/folders/tl/6v9jcqtn5xnbp89_r27_m8t40000gn/T/upload_d3225929586791c484bf9ac924a1caf7, file_path:users/admin/jspsych/sun/sag/זמני תפילות בהתיישבות.pdf 
2018-07-20 14:00:02.176 INFO  201804201330 | upload_file. oldpath:/var/folders/tl/6v9jcqtn5xnbp89_r27_m8t40000gn/T/upload_f25bc11bc3047d5af5ae043c1ae0ee7a, file_path:users/admin/jspsych/sun/.DS_Store 
2018-07-20 14:00:02.176 INFO  201804201330 | upload_file. oldpath:/var/folders/tl/6v9jcqtn5xnbp89_r27_m8t40000gn/T/upload_0f86d311c6fd58bea143c2cb917f3839, file_path:users/admin/jspsych/sun/אישור זכויות 1.jpeg 
2018-07-20 14:00:02.176 INFO  201804201330 | upload_file. oldpath:/var/folders/tl/6v9jcqtn5xnbp89_r27_m8t40000gn/T/upload_c8091bfaf4785f315cc7a5a6324d0a32, file_path:users/admin/jspsych/sun/אישור זכויות 2.jpeg 
2018-07-20 14:00:02.177 INFO  201804201330 | upload_file. oldpath:/var/folders/tl/6v9jcqtn5xnbp89_r27_m8t40000gn/T/upload_ff52be461e7aa0063deed8779f408f87, file_path:users/admin/jspsych/sun/sag/זמני תפילות בהתיישבות.pdf 
2018-07-20 14:01:54.956 INFO  201804201330 | upload_file. oldpath:/var/folders/tl/6v9jcqtn5xnbp89_r27_m8t40000gn/T/upload_72eba730a6058ad735df5860aca26c11, file_path:users/admin/jspsych/sun/.DS_Store 
2018-07-20 14:01:54.956 INFO  201804201330 | upload_file. oldpath:/var/folders/tl/6v9jcqtn5xnbp89_r27_m8t40000gn/T/upload_8d0b3ab858a2798a1431d1eb666f2d93, file_path:users/admin/jspsych/sun/אישור זכויות 1.jpeg 
2018-07-20 14:01:54.956 INFO  201804201330 | upload_file. oldpath:/var/folders/tl/6v9jcqtn5xnbp89_r27_m8t40000gn/T/upload_9e7e06416ec11fb46807feb6b30d27f9, file_path:users/admin/jspsych/sun/אישור זכויות 2.jpeg 
2018-07-20 14:01:54.956 INFO  201804201330 | upload_file. oldpath:/var/folders/tl/6v9jcqtn5xnbp89_r27_m8t40000gn/T/upload_094f383fa8cdd0ecfd3fc75eb2ae3d7a, file_path:users/admin/jspsych/sun/sag/זמני תפילות בהתיישבות.pdf 
2018-07-20 14:02:45.478 INFO  201804201330 | upload_file. oldpath:/var/folders/tl/6v9jcqtn5xnbp89_r27_m8t40000gn/T/upload_dcb9368ebb6cb436cd08fa1598604e56, file_path:users/admin/jspsych/sun/.DS_Store 
2018-07-20 14:02:45.478 INFO  201804201330 | upload_file. oldpath:/var/folders/tl/6v9jcqtn5xnbp89_r27_m8t40000gn/T/upload_9451d37412423091668f639c6632664d, file_path:users/admin/jspsych/sun/אישור זכויות 1.jpeg 
2018-07-20 14:02:45.478 INFO  201804201330 | upload_file. oldpath:/var/folders/tl/6v9jcqtn5xnbp89_r27_m8t40000gn/T/upload_0cd9d402b3848854aecd05a8f53002be, file_path:users/admin/jspsych/sun/אישור זכויות 2.jpeg 
2018-07-20 14:02:45.478 INFO  201804201330 | upload_file. oldpath:/var/folders/tl/6v9jcqtn5xnbp89_r27_m8t40000gn/T/upload_19846b50485930a119c4ecc139aff1d6, file_path:users/admin/jspsych/sun/sag/זמני תפילות בהתיישבות.pdf 
2018-07-20 14:04:55.400 INFO  201804201319 | new login: admin  
2018-07-20 14:05:01.414 INFO  201804201319 | new login: admin  
2018-07-20 14:05:04.032 INFO  201804201319 | new login: admin  
2018-07-20 14:05:12.698 INFO  201804201319 | new login: admin 
2018-07-20 14:05:25.284 INFO  201804201330 | upload_file. oldpath:/var/folders/tl/6v9jcqtn5xnbp89_r27_m8t40000gn/T/upload_527cbc4094d5b70bfb6a839436804d78, file_path:users/admin/jspsych/sun/.DS_Store 
2018-07-20 14:05:25.284 INFO  201804201330 | upload_file. oldpath:/var/folders/tl/6v9jcqtn5xnbp89_r27_m8t40000gn/T/upload_3c08234137f91b92ad8d1eef08424b49, file_path:users/admin/jspsych/sun/אישור זכויות 1.jpeg 
2018-07-20 14:05:25.284 INFO  201804201330 | upload_file. oldpath:/var/folders/tl/6v9jcqtn5xnbp89_r27_m8t40000gn/T/upload_9206a5cfcb16d18280a705cb76debeff, file_path:users/admin/jspsych/sun/אישור זכויות 2.jpeg 
2018-07-20 14:05:25.284 INFO  201804201330 | upload_file. oldpath:/var/folders/tl/6v9jcqtn5xnbp89_r27_m8t40000gn/T/upload_c2ffc12c1e541383e2e73c301de5bb3f, file_path:users/admin/jspsych/sun/sag/זמני תפילות בהתיישבות.pdf 
