2018-08-30 13:05:39.454 INFO  201804201330 | upload_file. oldpath:/var/folders/tl/6v9jcqtn5xnbp89_r27_m8t40000gn/T/upload_98bf5efa82832bf2135b136833bb0ce8, file_path:users/admin/Corpsicle/subdir/pi.002.0399a.pdf 
2018-08-30 13:18:43.759 INFO  201804201330 | upload_file. oldpath:/var/folders/tl/6v9jcqtn5xnbp89_r27_m8t40000gn/T/upload_73b8b0d8f289c0cc6fa073f6abbbfd10, file_path:users/admin/Corpsicle/subdir/bong/hoping for more.pdf 
2018-08-30 13:21:46.943 INFO  201804201330 | upload_file. oldpath:/var/folders/tl/6v9jcqtn5xnbp89_r27_m8t40000gn/T/upload_ddc1b44342c45f9f461781b6fce9ed36, file_path:users/admin/Corpsicle/subdir/bong/hoping for more.pdf 
2018-08-30 14:13:49.060 INFO  201804201330 | upload_file. oldpath:/var/folders/tl/6v9jcqtn5xnbp89_r27_m8t40000gn/T/upload_c23b953bd896fb6b74b9e5a7dfd824db, file_path:users/admin/Corpsicle/subdir/bong/hoping for more.pdf 
2018-08-30 14:17:17.486 INFO  201804201330 | upload_file. oldpath:/var/folders/tl/6v9jcqtn5xnbp89_r27_m8t40000gn/T/upload_e929f4572753127a8961bf9ddad52098, file_path:users/admin/Corpsicle/Freud-S.-Analysis-Terminable-and-Interminable.pdf 
2018-08-30 14:17:29.900 INFO  201804201330 | upload_file. oldpath:/var/folders/tl/6v9jcqtn5xnbp89_r27_m8t40000gn/T/upload_88a9ae818afd86118d5314925c5b2433, file_path:users/admin/Corpsicle/subdir/Freud-S.-Analysis-Terminable-and-Interminable.pdf 
2018-08-30 14:17:51.186 INFO  201804201330 | upload_file. oldpath:/var/folders/tl/6v9jcqtn5xnbp89_r27_m8t40000gn/T/upload_4123b78294ba268c2c48d51cb6b8ba10, file_path:users/admin/Corpsicle/Freud-S.-Analysis-Terminable-and-Interminable.pdf 
2018-08-30 14:21:04.645 INFO  201804201330 | upload_file. oldpath:/var/folders/tl/6v9jcqtn5xnbp89_r27_m8t40000gn/T/upload_02c44d52f48c217c3fad1f214d5f511a, file_path:users/admin/Corpsicle/Freud-S.-Analysis-Terminable-and-Interminable.pdf 
2018-08-30 14:21:48.079 INFO  201804201330 | upload_file. oldpath:/var/folders/tl/6v9jcqtn5xnbp89_r27_m8t40000gn/T/upload_1341630e32b6693656763ba5027b56e0, file_path:users/admin/Corpsicle/Freud-S.-Analysis-Terminable-and-Interminable.pdf 
2018-08-30 14:51:53.110 INFO  201804201330 | upload_file. oldpath:/var/folders/tl/6v9jcqtn5xnbp89_r27_m8t40000gn/T/upload_3213200dea8da3a69c7f5d37c3209323, file_path:users/admin/Corpsicle/Klein-On-the-Criteria-for-the-Termination-of-a-Psycho-Analysis.pdf 
2018-08-30 15:32:48.847 INFO  201804201330 | upload_file. oldpath:/var/folders/tl/6v9jcqtn5xnbp89_r27_m8t40000gn/T/upload_b7543284bb7acd60310d7c7048ec97c4, file_path:users/admin/Corpsicle/pi.002.0399a.pdf 
2018-08-30 15:32:48.848 INFO  201804201330 | upload_file. oldpath:/var/folders/tl/6v9jcqtn5xnbp89_r27_m8t40000gn/T/upload_c61aaf1d4592ec909f8553b9cb20fe2d, file_path:users/admin/Corpsicle/pi.002.0399a(1).pdf 
2018-08-30 15:35:16.512 INFO  201804201330 | upload_file. oldpath:/var/folders/tl/6v9jcqtn5xnbp89_r27_m8t40000gn/T/upload_c0550f0efdad217ed3f286958d7ea800, file_path:users/admin/Corpsicle/Freud-S.-Analysis-Terminable-and-Interminable.pdf 
2018-08-30 15:35:33.610 INFO  201804201330 | upload_file. oldpath:/var/folders/tl/6v9jcqtn5xnbp89_r27_m8t40000gn/T/upload_08b06e8058eb9a5ca106e635ab05f406, file_path:users/admin/Corpsicle/Freud-S.-Analysis-Terminable-and-Interminable.pdf 
2018-08-30 15:37:10.806 INFO  201804201330 | upload_file. oldpath:/var/folders/tl/6v9jcqtn5xnbp89_r27_m8t40000gn/T/upload_144004e585359405872f8c64b9333602, file_path:users/admin/Corpsicle/subdir/Freud-S.-Analysis-Terminable-and-Interminable.pdf 
2018-08-30 15:57:05.238 INFO  201804201330 | upload_file. oldpath:/var/folders/tl/6v9jcqtn5xnbp89_r27_m8t40000gn/T/upload_0e74b1a461a3ab69eb34a97e04f62c58, file_path:users/admin/Corpsicle/Klein-On-the-Criteria-for-the-Termination-of-a-Psycho-Analysis.pdf 
2018-08-30 15:57:19.792 INFO  201804201330 | upload_file. oldpath:/var/folders/tl/6v9jcqtn5xnbp89_r27_m8t40000gn/T/upload_c8823486414f7668b62ad6df085fc41e, file_path:users/admin/Corpsicle/Klein-On-the-Criteria-for-the-Termination-of-a-Psycho-Analysis.pdf 
2018-08-30 15:59:21.996 INFO  201804201330 | upload_file. oldpath:/var/folders/tl/6v9jcqtn5xnbp89_r27_m8t40000gn/T/upload_528964b5aa39c3b0d8c39591e0feb46d, file_path:users/admin/Corpsicle/subdir/bong/hoping for more.pdf 
2018-08-30 16:01:41.064 INFO  201804201330 | upload_file. oldpath:/var/folders/tl/6v9jcqtn5xnbp89_r27_m8t40000gn/T/upload_2658314d8b6209fbc9a5d5e461e7ef89, file_path:users/admin/Corpsicle/pi.002.0399a(1).pdf 
2018-08-30 16:01:50.482 INFO  201804201330 | upload_file. oldpath:/var/folders/tl/6v9jcqtn5xnbp89_r27_m8t40000gn/T/upload_05e2f495ceac46e209fee4a916b6ca1c, file_path:users/admin/Corpsicle/pi.002.0399a(1).pdf 
2018-08-30 16:02:09.409 INFO  201804201330 | upload_file. oldpath:/var/folders/tl/6v9jcqtn5xnbp89_r27_m8t40000gn/T/upload_e30ebecf996608b385afd86cc5a1ff91, file_path:users/admin/Corpsicle/subdir/Freud-S.-Analysis-Terminable-and-Interminable.pdf 
