2018-10-18 11:44:43.978 INFO  201804201330 | upload_file. oldpath:/var/folders/tl/6v9jcqtn5xnbp89_r27_m8t40000gn/T/upload_96415f63c72aa392a08d693026a02cd3, file_path:users/admin/asdf/domas_breaking_the_x86_isa.pdf 
2018-10-18 11:44:43.979 INFO  201804201330 | upload_file. oldpath:/var/folders/tl/6v9jcqtn5xnbp89_r27_m8t40000gn/T/upload_2b60de5c8285aabfb8c3867b15914810, file_path:users/admin/asdf/Yael agree.pdf 
2018-10-18 11:44:43.979 INFO  201804201330 | upload_file. oldpath:/var/folders/tl/6v9jcqtn5xnbp89_r27_m8t40000gn/T/upload_ac80512e93b733dbca197990325b4ef9, file_path:users/admin/asdf/Acer pay.pdf 
2018-10-18 11:44:43.980 INFO  201804201330 | upload_file. oldpath:/var/folders/tl/6v9jcqtn5xnbp89_r27_m8t40000gn/T/upload_d3f50aa52bc5510f10e0378d6760e888, file_path:users/admin/asdf/שאלון לעובד אלעד.pdf 
2018-10-18 11:44:43.980 INFO  201804201330 | upload_file. oldpath:/var/folders/tl/6v9jcqtn5xnbp89_r27_m8t40000gn/T/upload_9203e8dfff231f54f30440f53fa2b2a0, file_path:users/admin/asdf/AdobeReader_dc_en_a_install.dmg 
2018-10-18 11:44:43.981 INFO  201804201330 | upload_file. oldpath:/var/folders/tl/6v9jcqtn5xnbp89_r27_m8t40000gn/T/upload_25a649443b979ad61cf3ca0abab4706d, file_path:users/admin/asdf/ILB8J90448 (1).pdf 
2018-10-18 11:44:43.985 INFO  201804201330 | upload_file. oldpath:/var/folders/tl/6v9jcqtn5xnbp89_r27_m8t40000gn/T/upload_44472d18e1f67ccaf60c7b04228343c3, file_path:users/admin/asdf/File_635403836290734812.pdf 
2018-10-18 11:44:43.987 INFO  201804201330 | upload_file. oldpath:/var/folders/tl/6v9jcqtn5xnbp89_r27_m8t40000gn/T/upload_5b14dfc37eb044f4b43ad86dd6650930, file_path:users/admin/asdf/tofes.pdf 
2018-10-18 11:44:43.988 INFO  201804201330 | upload_file. oldpath:/var/folders/tl/6v9jcqtn5xnbp89_r27_m8t40000gn/T/upload_0c5f1c267fa3c1067b6e97ee74783403, file_path:users/admin/asdf/רשיון רכב_1.pdf 
2018-10-18 11:44:43.989 INFO  201804201330 | upload_file. oldpath:/var/folders/tl/6v9jcqtn5xnbp89_r27_m8t40000gn/T/upload_652713e2fdf7bca6221c061401033a70, file_path:users/admin/asdf/מעקה ברזל.jpg 
2018-10-18 11:44:43.991 INFO  201804201330 | upload_file. oldpath:/var/folders/tl/6v9jcqtn5xnbp89_r27_m8t40000gn/T/upload_5717ad5b575384123adc01625cae51b4, file_path:users/admin/asdf/exp1.Rmd 
2018-10-18 11:44:43.992 INFO  201804201330 | upload_file. oldpath:/var/folders/tl/6v9jcqtn5xnbp89_r27_m8t40000gn/T/upload_ef5fdd805acb7dadd14b499dd956fc9a, file_path:users/admin/asdf/WhatsApp Image 2018-10-07 at 13.33.36.jpeg 
2018-10-18 12:46:34.776 INFO  201804201330 | upload_file. oldpath:/var/folders/tl/6v9jcqtn5xnbp89_r27_m8t40000gn/T/upload_1d5ff00d6ebe87d45715ab583ac32686, file_path:users/admin/asdf/זלוטניק 2 (2).doc 
2018-10-18 12:46:34.777 INFO  201804201330 | upload_file. oldpath:/var/folders/tl/6v9jcqtn5xnbp89_r27_m8t40000gn/T/upload_35952bab9f0f320cbae083406cf966f8, file_path:users/admin/asdf/זלוטניק נגרות.doc 
2018-10-18 12:46:34.778 INFO  201804201330 | upload_file. oldpath:/var/folders/tl/6v9jcqtn5xnbp89_r27_m8t40000gn/T/upload_5dd45dce48ed17f5ed4ad50078957115, file_path:users/admin/asdf/אומדן עלויות תכנון מול ביצוע - משפחת זלוטניק (1).xlsx 
2018-10-18 12:46:34.779 INFO  201804201330 | upload_file. oldpath:/var/folders/tl/6v9jcqtn5xnbp89_r27_m8t40000gn/T/upload_3f3b09699d271af57fac3a2e849e6121, file_path:users/admin/asdf/זלוטניק 2.doc 
2018-10-18 12:46:34.780 INFO  201804201330 | upload_file. oldpath:/var/folders/tl/6v9jcqtn5xnbp89_r27_m8t40000gn/T/upload_07d3567dc523cb2e9df0f790d5d1aad5, file_path:users/admin/asdf/זלוטניק 2 (1).doc 
2018-10-18 12:46:34.781 INFO  201804201330 | upload_file. oldpath:/var/folders/tl/6v9jcqtn5xnbp89_r27_m8t40000gn/T/upload_c1f551a24a8b22a0f4781ab62476af6a, file_path:users/admin/asdf/סילבוס מבוא לפתולוגיה - אפרת זלוטניק (2).doc 
2018-10-18 12:46:34.782 INFO  201804201330 | upload_file. oldpath:/var/folders/tl/6v9jcqtn5xnbp89_r27_m8t40000gn/T/upload_d5f34c31617daf17e5e9b2cb9afc4b62, file_path:users/admin/asdf/סילבוס מבוא לפתולוגיה - אפרת זלוטניק (1).doc 
2018-10-18 12:46:34.783 INFO  201804201330 | upload_file. oldpath:/var/folders/tl/6v9jcqtn5xnbp89_r27_m8t40000gn/T/upload_457c3757cea83b77296fdc57b0d6673a, file_path:users/admin/asdf/סילבוס ביולוגיה של התא - אפרת זלוטניק.doc 
2018-10-18 12:46:34.784 INFO  201804201330 | upload_file. oldpath:/var/folders/tl/6v9jcqtn5xnbp89_r27_m8t40000gn/T/upload_90bef12c97b47c01db3c12fc3323ba2d, file_path:users/admin/asdf/סילבוס-ביולוגיה של התא - סיעוד א 2018 סמסטר א (1) 
2018-10-18 12:46:34.784 INFO  201804201330 | upload_file. oldpath:/var/folders/tl/6v9jcqtn5xnbp89_r27_m8t40000gn/T/upload_b8d2bb090a1adb30feb1b92bcc66a5de, file_path:users/admin/asdf/סילבוס מבוא לפתולוגיה - אפרת זלוטניק.doc 
2018-10-18 12:46:34.785 INFO  201804201330 | upload_file. oldpath:/var/folders/tl/6v9jcqtn5xnbp89_r27_m8t40000gn/T/upload_a6254169c15dbbbce94304f54cadaf6b, file_path:users/admin/asdf/סילבוס-ביולוגיה של התא - סיעוד א 2018 סמסטר א 
2018-10-18 12:46:34.786 INFO  201804201330 | upload_file. oldpath:/var/folders/tl/6v9jcqtn5xnbp89_r27_m8t40000gn/T/upload_71787921b9729fff220bedd5edeff638, file_path:users/admin/asdf/סילבוס_ביולוגיה של התא - אפרת זלוטניק.doc 
2018-10-18 12:46:34.790 INFO  201804201330 | upload_file. oldpath:/var/folders/tl/6v9jcqtn5xnbp89_r27_m8t40000gn/T/upload_1ce3215f40f84d86c84234cbfedb2e44, file_path:users/admin/asdf/מבוא לפתולוגיה - אפרת זלוטניק.doc 
