2018-07-23 09:45:05.845 INFO  201804201319 | new login: admin 
2018-07-23 09:45:15.449 INFO  201804201330 | upload_file. oldpath:/var/folders/tl/6v9jcqtn5xnbp89_r27_m8t40000gn/T/upload_f3c58b4b8e89f2941357690414429443, file_path:users/admin/minno/intent.bbl 
2018-07-23 09:45:15.450 INFO  201804201330 | upload_file. oldpath:/var/folders/tl/6v9jcqtn5xnbp89_r27_m8t40000gn/T/upload_a5867f27d9d0135caa5af1290939d410, file_path:users/admin/minno/intent.out 
2018-07-23 09:45:15.450 INFO  201804201330 | upload_file. oldpath:/var/folders/tl/6v9jcqtn5xnbp89_r27_m8t40000gn/T/upload_2e1ca90bc1f4e616c3c2a43ffa8f243d, file_path:users/admin/minno/intent.blg 
2018-07-23 09:45:15.450 INFO  201804201330 | upload_file. oldpath:/var/folders/tl/6v9jcqtn5xnbp89_r27_m8t40000gn/T/upload_71fa6923ebd7ea1115e3e5bc5754216b, file_path:users/admin/minno/intent.docx 
2018-07-23 09:45:15.450 INFO  201804201330 | upload_file. oldpath:/var/folders/tl/6v9jcqtn5xnbp89_r27_m8t40000gn/T/upload_4e020754506fd3f28ffcbb35c889767e, file_path:users/admin/minno/intent.dvi 
2018-07-23 09:45:15.450 INFO  201804201330 | upload_file. oldpath:/var/folders/tl/6v9jcqtn5xnbp89_r27_m8t40000gn/T/upload_f7b86c5fe645ff3c0d03b183922a6244, file_path:users/admin/minno/intent.pdf 
2018-07-23 09:45:15.450 INFO  201804201330 | upload_file. oldpath:/var/folders/tl/6v9jcqtn5xnbp89_r27_m8t40000gn/T/upload_e3203b1c40a8e1a1034f45e103bddc10, file_path:users/admin/minno/intent.tex 
2018-07-23 09:45:15.450 INFO  201804201330 | upload_file. oldpath:/var/folders/tl/6v9jcqtn5xnbp89_r27_m8t40000gn/T/upload_2628403a6228bfa0d4cf6413834af107, file_path:users/admin/minno/lipsum.sty 
2018-07-23 09:45:15.450 INFO  201804201330 | upload_file. oldpath:/var/folders/tl/6v9jcqtn5xnbp89_r27_m8t40000gn/T/upload_2bc53225a88714bc822548c77a5c6719, file_path:users/admin/minno/moderncvcolorblack.sty 
2018-07-23 09:45:15.450 INFO  201804201330 | upload_file. oldpath:/var/folders/tl/6v9jcqtn5xnbp89_r27_m8t40000gn/T/upload_789484001558bb6af1df00a6e1fa7edd, file_path:users/admin/minno/moderncvcolorblue.sty 
2018-07-23 09:45:15.450 INFO  201804201330 | upload_file. oldpath:/var/folders/tl/6v9jcqtn5xnbp89_r27_m8t40000gn/T/upload_e4495d53bb2f640b264e97fa0d187c3a, file_path:users/admin/minno/moderncvcolorgreen.sty 
2018-07-23 09:45:15.450 INFO  201804201330 | upload_file. oldpath:/var/folders/tl/6v9jcqtn5xnbp89_r27_m8t40000gn/T/upload_8983ebb74f1fa3ba2df0be10c07f5daa, file_path:users/admin/minno/moderncvcolororange.sty 
2018-07-23 09:45:15.450 INFO  201804201330 | upload_file. oldpath:/var/folders/tl/6v9jcqtn5xnbp89_r27_m8t40000gn/T/upload_92046a625461f0f52f849fb6a8945b4f, file_path:users/admin/minno/moderncvcolorpurple.sty 
2018-07-23 09:45:15.450 INFO  201804201330 | upload_file. oldpath:/var/folders/tl/6v9jcqtn5xnbp89_r27_m8t40000gn/T/upload_8e53a486c03c5ebe321a80ae55d30121, file_path:users/admin/minno/moderncvcolorred.sty 
2018-07-23 09:45:15.451 INFO  201804201330 | upload_file. oldpath:/var/folders/tl/6v9jcqtn5xnbp89_r27_m8t40000gn/T/upload_0462d60caf4d3aeaccfbb15ce2d7b280, file_path:users/admin/minno/moderncvcompatibility.sty 
2018-07-23 09:45:15.451 INFO  201804201330 | upload_file. oldpath:/var/folders/tl/6v9jcqtn5xnbp89_r27_m8t40000gn/T/upload_cb86d21545be12a4e54359a64b595ac7, file_path:users/admin/minno/moderncvstylecasual.sty 
2018-07-23 09:45:15.451 INFO  201804201330 | upload_file. oldpath:/var/folders/tl/6v9jcqtn5xnbp89_r27_m8t40000gn/T/upload_6c0b2b3b3f544832caae0deb1c1b0667, file_path:users/admin/minno/moderncvstyleclassic.sty 
2018-07-23 09:45:15.451 INFO  201804201330 | upload_file. oldpath:/var/folders/tl/6v9jcqtn5xnbp89_r27_m8t40000gn/T/upload_40fc1179dba1446d086eee87c04cf9bb, file_path:users/admin/minno/moderncvstyleempty.sty 
2018-07-23 09:45:15.451 INFO  201804201330 | upload_file. oldpath:/var/folders/tl/6v9jcqtn5xnbp89_r27_m8t40000gn/T/upload_c40cca4e04b4fa1c576d0eac9ca2f419, file_path:users/admin/minno/moderncvstyleoldstyle.sty 
2018-07-23 09:45:15.451 INFO  201804201330 | upload_file. oldpath:/var/folders/tl/6v9jcqtn5xnbp89_r27_m8t40000gn/T/upload_e4933dbf24a916e9efe994dedde4d573, file_path:users/admin/minno/suffix.sty 
2018-07-23 09:45:15.451 INFO  201804201330 | upload_file. oldpath:/var/folders/tl/6v9jcqtn5xnbp89_r27_m8t40000gn/T/upload_067afe42d500288028bd975c6dec9208, file_path:users/admin/minno/moderncv.cls 
2018-07-23 09:45:15.451 INFO  201804201330 | upload_file. oldpath:/var/folders/tl/6v9jcqtn5xnbp89_r27_m8t40000gn/T/upload_6c65025067de409beae7dc19543082c6, file_path:users/admin/minno/xargs.sty 
2018-07-23 09:45:15.451 INFO  201804201330 | upload_file. oldpath:/var/folders/tl/6v9jcqtn5xnbp89_r27_m8t40000gn/T/upload_e11f24c56fa2fe2cc0c56047b23a2a7f, file_path:users/admin/minno/tweaklist.sty 
2018-07-23 09:45:15.451 INFO  201804201330 | upload_file. oldpath:/var/folders/tl/6v9jcqtn5xnbp89_r27_m8t40000gn/T/upload_32e1721c0460046b2936ff44d1c461f8, file_path:users/admin/minno/pictures/picture.jpg 
2018-07-23 09:45:37.318 INFO  201804201330 | upload_file. oldpath:/var/folders/tl/6v9jcqtn5xnbp89_r27_m8t40000gn/T/upload_afd94ccd913c84d4b258117f7abb7a20, file_path:users/admin/minno/ez_cv.dvi 
2018-07-23 09:45:37.318 INFO  201804201330 | upload_file. oldpath:/var/folders/tl/6v9jcqtn5xnbp89_r27_m8t40000gn/T/upload_a8a41683264f8ea8fa657fb78a65e324, file_path:users/admin/minno/intent.aux 
2018-07-23 09:45:37.318 INFO  201804201330 | upload_file. oldpath:/var/folders/tl/6v9jcqtn5xnbp89_r27_m8t40000gn/T/upload_76044463bb666325af195f388f911c79, file_path:users/admin/minno/intent.log 
2018-07-23 09:45:37.318 INFO  201804201330 | upload_file. oldpath:/var/folders/tl/6v9jcqtn5xnbp89_r27_m8t40000gn/T/upload_c7748d0c49c5c627a3d0bdca0e066342, file_path:users/admin/minno/missfont.log 
2018-07-23 09:45:37.318 INFO  201804201330 | upload_file. oldpath:/var/folders/tl/6v9jcqtn5xnbp89_r27_m8t40000gn/T/upload_5da77b07621e128aed6a87d1d358197c, file_path:users/admin/minno/moderncvcolorgrey.sty 
2018-07-23 09:45:37.318 INFO  201804201330 | upload_file. oldpath:/var/folders/tl/6v9jcqtn5xnbp89_r27_m8t40000gn/T/upload_f64706cf767686d196d03f7b10784017, file_path:users/admin/minno/moderncvstylebanking.sty 
2018-07-23 09:45:37.318 INFO  201804201330 | upload_file. oldpath:/var/folders/tl/6v9jcqtn5xnbp89_r27_m8t40000gn/T/upload_5b36d0070cdf8e161c4121ea96bacacd, file_path:users/admin/minno/phd.bib 
2018-07-23 12:06:53.562 INFO  201804201319 | new login: admin 
2018-07-23 12:07:06.856 INFO  201804201330 | upload_file. oldpath:/var/folders/tl/6v9jcqtn5xnbp89_r27_m8t40000gn/T/upload_3042a20d58a742b003b311572efc0588, file_path:users/admin/minno/ez_cv.tex 
2018-07-23 12:39:31.785 INFO  201804201319 | new login: admin 
2018-07-24 09:43:00.698 INFO  201804201330 | upload_file. oldpath:/var/folders/tl/6v9jcqtn5xnbp89_r27_m8t40000gn/T/upload_7e7c40cc1fca9481c23c424cbd8b40c8, file_path:users/admin/minno/.DS_Store 
2018-07-24 09:52:15.446 INFO  201804201330 | upload_file. oldpath:/var/folders/tl/6v9jcqtn5xnbp89_r27_m8t40000gn/T/upload_c5ae981733f0ebbf380ffc2dbaa51e39, file_path:users/admin/minno/Screen Shot 2018-06-24 at 12.41.54.png 
