2018-10-29 11:59:44.346 INFO  201804201330 | upload_file. oldpath:/var/folders/tl/6v9jcqtn5xnbp89_r27_m8t40000gn/T/upload_152f18fc8444039ce68a5294a6cc0eb9, file_path:users/admin/asdf/Screen Shot 2018-10-21 at 11.50.48.png 
2018-10-29 12:13:37.404 INFO  201804201330 | upload_file. oldpath:/var/folders/tl/6v9jcqtn5xnbp89_r27_m8t40000gn/T/upload_596de09076a405924f66af9fa527bcce, file_path:users/admin/asdf/Screen Shot 2018-10-21 at 11.51.50.png 
2018-10-29 12:14:01.385 INFO  201804201330 | upload_file. oldpath:/var/folders/tl/6v9jcqtn5xnbp89_r27_m8t40000gn/T/upload_4031aa34ef181e4c39a9137e6d47a605, file_path:users/admin/asdf/Screen Shot 2018-10-24 at 12.29.29.png 
2018-10-29 12:14:01.385 INFO  201804201330 | upload_file. oldpath:/var/folders/tl/6v9jcqtn5xnbp89_r27_m8t40000gn/T/upload_a5ed59b6df512049e7ed18dc0eeaec2f, file_path:users/admin/asdf/Screen Shot 2018-10-24 at 12.29.18.png 
2018-10-29 12:14:01.385 INFO  201804201330 | upload_file. oldpath:/var/folders/tl/6v9jcqtn5xnbp89_r27_m8t40000gn/T/upload_2fd81ecd89165a7c4027f34e5ab1237d, file_path:users/admin/asdf/Screen Shot 2018-10-23 at 21.23.01.png 
2018-10-29 12:14:01.385 INFO  201804201330 | upload_file. oldpath:/var/folders/tl/6v9jcqtn5xnbp89_r27_m8t40000gn/T/upload_211418899b657aaff5d110679ae6fb84, file_path:users/admin/asdf/Screen Shot 2018-10-21 at 11.58.53.png 
2018-10-29 12:14:01.385 INFO  201804201330 | upload_file. oldpath:/var/folders/tl/6v9jcqtn5xnbp89_r27_m8t40000gn/T/upload_2972bffd0b1a4756fe8ae841284d70f9, file_path:users/admin/asdf/Screen Shot 2018-10-21 at 11.51.50.png 
2018-10-29 12:14:01.385 INFO  201804201330 | upload_file. oldpath:/var/folders/tl/6v9jcqtn5xnbp89_r27_m8t40000gn/T/upload_b03fdad8566b8431cd5ee58e00f37cf0, file_path:users/admin/asdf/Screen Shot 2018-10-21 at 11.51.02.png 
2018-10-29 12:14:01.385 INFO  201804201330 | upload_file. oldpath:/var/folders/tl/6v9jcqtn5xnbp89_r27_m8t40000gn/T/upload_1ad3d5815edd18208d4dc3276607b740, file_path:users/admin/asdf/Screen Shot 2018-10-21 at 11.51.26.png 
2018-10-29 12:14:01.385 INFO  201804201330 | upload_file. oldpath:/var/folders/tl/6v9jcqtn5xnbp89_r27_m8t40000gn/T/upload_79b9508d2c41c6d87b095d5d81ec00db, file_path:users/admin/asdf/Screen Shot 2018-10-21 at 11.50.57.png 
2018-10-29 12:14:01.386 INFO  201804201330 | upload_file. oldpath:/var/folders/tl/6v9jcqtn5xnbp89_r27_m8t40000gn/T/upload_47bbe53f8378a95da2e2f6da83e73e47, file_path:users/admin/asdf/Screen Shot 2018-10-21 at 11.50.48.png 
2018-10-29 12:14:56.864 INFO  201804201330 | upload_file. oldpath:/var/folders/tl/6v9jcqtn5xnbp89_r27_m8t40000gn/T/upload_82a41e218aec4b65215f54beae83bf98, file_path:users/admin/asdf/avatar.jpeg 
2018-10-29 19:45:52.727 INFO  201804201330 | upload_file. oldpath:/var/folders/tl/6v9jcqtn5xnbp89_r27_m8t40000gn/T/upload_5e723daf083f9aeaa41740f526d0059c, file_path:users/admin/asdf/xcd/אישור סיום שלב ריצוף.pdf 
2018-10-31 13:59:21.322 INFO  201804201330 | upload_file. oldpath:/var/folders/tl/6v9jcqtn5xnbp89_r27_m8t40000gn/T/upload_61c63072995f8de8b72b0a9c018a53e2, file_path:users/admin/demo/אישור סיום שלב ריצוף.pdf 
2018-10-31 13:59:21.323 INFO  201804201330 | upload_file. oldpath:/var/folders/tl/6v9jcqtn5xnbp89_r27_m8t40000gn/T/upload_b3cf11a6b9cfeff71a9c3b0b2e0c01be, file_path:users/admin/demo/9781135070946_preview.pdf 
2018-10-31 13:59:21.323 INFO  201804201330 | upload_file. oldpath:/var/folders/tl/6v9jcqtn5xnbp89_r27_m8t40000gn/T/upload_1c08d31897938b98b4e6f63bce95442c, file_path:users/admin/demo/scholar (2).ris 
2018-10-31 13:59:21.323 INFO  201804201330 | upload_file. oldpath:/var/folders/tl/6v9jcqtn5xnbp89_r27_m8t40000gn/T/upload_907f1cadd7a787f234a80202b29668af, file_path:users/admin/demo/1971 Milner Decision processes and obsessional bejaviour.pdf 
2018-10-31 13:59:21.323 INFO  201804201330 | upload_file. oldpath:/var/folders/tl/6v9jcqtn5xnbp89_r27_m8t40000gn/T/upload_dbc88b6c50a9e6a27f97915cc5101c1c, file_path:users/admin/demo/Schneider et al. - 2015 - The path of ambivalence tracing the pull of oppos.pdf 
2018-10-31 13:59:21.323 INFO  201804201330 | upload_file. oldpath:/var/folders/tl/6v9jcqtn5xnbp89_r27_m8t40000gn/T/upload_c4979926426694b5b61268ef08f6c775, file_path:users/admin/demo/שם אלוקים ושם ה בהולדת יצחק.pdf 
2018-10-31 13:59:37.544 INFO  201804201330 | upload_file. oldpath:/var/folders/tl/6v9jcqtn5xnbp89_r27_m8t40000gn/T/upload_7519f75ad9db9de00951ad36bfd2aecf, file_path:users/admin/demo/אישור סיום שלב ריצוף.pdf 
2018-10-31 13:59:37.544 INFO  201804201330 | upload_file. oldpath:/var/folders/tl/6v9jcqtn5xnbp89_r27_m8t40000gn/T/upload_790ccaea053bf87f1dd831312c0da645, file_path:users/admin/demo/9781135070946_preview.pdf 
2018-10-31 13:59:37.544 INFO  201804201330 | upload_file. oldpath:/var/folders/tl/6v9jcqtn5xnbp89_r27_m8t40000gn/T/upload_65006186819244584a6256af890f1e02, file_path:users/admin/demo/scholar (2).ris 
2018-10-31 13:59:37.544 INFO  201804201330 | upload_file. oldpath:/var/folders/tl/6v9jcqtn5xnbp89_r27_m8t40000gn/T/upload_258a143a72d35a51b2b11ff4ddb90a2b, file_path:users/admin/demo/1971 Milner Decision processes and obsessional bejaviour.pdf 
2018-10-31 13:59:37.545 INFO  201804201330 | upload_file. oldpath:/var/folders/tl/6v9jcqtn5xnbp89_r27_m8t40000gn/T/upload_b2993a4b4d6a55462b58007c614b4a9c, file_path:users/admin/demo/Schneider et al. - 2015 - The path of ambivalence tracing the pull of oppos.pdf 
2018-10-31 13:59:37.545 INFO  201804201330 | upload_file. oldpath:/var/folders/tl/6v9jcqtn5xnbp89_r27_m8t40000gn/T/upload_79eb75006aa139ad55546e15bdc2a38f, file_path:users/admin/demo/שם אלוקים ושם ה בהולדת יצחק.pdf 
2018-10-31 14:00:01.935 INFO  201804201330 | upload_file. oldpath:/var/folders/tl/6v9jcqtn5xnbp89_r27_m8t40000gn/T/upload_11baa40de155c9ea9b4a018ab46a40e6, file_path:users/admin/demo/Acer pay.pdf 
