0 info it worked if it ends with ok
1 verbose cli [ '/usr/local/bin/node',
1 verbose cli   '/usr/local/bin/npm',
1 verbose cli   'version',
1 verbose cli   'patch' ]
2 info using npm@2.14.12
3 info using node@v4.2.4
4 info git [ 'status', '--porcelain' ]
5 info preversion PIQuest@0.1.36
6 verbose version.write data { name: 'PIQuest',
6 verbose version.write   version: '0.1.36',
6 verbose version.write   license: 'Apache-2.0',
6 verbose version.write   scripts:
6 verbose version.write    { test: 'grunt test --sauce --report',
6 verbose version.write      gendocs: 'minno-gendocs docs pages',
6 verbose version.write      localtest: 'grunt test',
6 verbose version.write      postinstall: './node_modules/grunt-cli/bin/grunt githooks',
6 verbose version.write      css: 'node-sass src/styles/main.scss --output src/styles --include-path=bower_components/bootstrap-sass-official/assets/stylesheets/ --include-path=bower_components --source-map=true',
6 verbose version.write      'css:watch': 'node-sass --watch=src/styles/*.scss src/styles/main.scss --output src/styles --include-path=bower_components/bootstrap-sass-official/assets/stylesheets/ --include-path=bower_components --source-map=true',
6 verbose version.write      requirejs: 'r.js -o requirejs.build.js',
6 verbose version.write      build: 'npm run css && npm run requirejs',
6 verbose version.write      version: 'npm run build && git add -A dist && git add -A src/styles/main.css*' },
6 verbose version.write   minno: { activeVersions: [ '0.0', '0.1' ], timeVersion: '0.3' },
6 verbose version.write   repository:
6 verbose version.write    { type: 'git',
6 verbose version.write      url: 'https://github.com/ProjectImplicit/PIquest' },
6 verbose version.write   description: 'Project implicit Questionnaires',
6 verbose version.write   devDependencies:
6 verbose version.write    { grunt: '~0.4.1',
6 verbose version.write      'grunt-cli': '^0.1.13',
6 verbose version.write      'grunt-contrib-clean': '~0.5.0',
6 verbose version.write      'grunt-contrib-concat': '~0.3.0',
6 verbose version.write      'grunt-contrib-connect': '~0.5.0',
6 verbose version.write      'grunt-contrib-copy': '~0.4.1',
6 verbose version.write      'grunt-contrib-watch': '~0.5.2',
6 verbose version.write      'grunt-conventional-changelog': '^1.1.0',
6 verbose version.write      'grunt-githooks': '^0.3.1',
6 verbose version.write      'grunt-karma': '^0.8.2',
6 verbose version.write      karma: '^0.12.16',
6 verbose version.write      'karma-chrome-launcher': '^0.1.2',
6 verbose version.write      'karma-firefox-launcher': '^0.1.4',
6 verbose version.write      'karma-jasmine': '^0.1.5',
6 verbose version.write      'karma-phantomjs-launcher': '^0.1.2',
6 verbose version.write      'karma-requirejs': '^0.2.1',
6 verbose version.write      'karma-sauce-launcher': '^0.2.8',
6 verbose version.write      'karma-spec-reporter': '0.0.12',
6 verbose version.write      'load-grunt-tasks': '~0.2.0',
6 verbose version.write      'node-sass': '^3.4.2',
6 verbose version.write      requirejs: '^2.1.17' },
6 verbose version.write   engines: { node: '>=0.4.11' },
6 verbose version.write   dependencies: { 'minno-gendocs': '^1.0.0' } } to package.json
7 info version PIQuest@0.1.36
8 verbose unsafe-perm in lifecycle true
9 info git [ 'add', 'package.json' ]
10 verbose stack Error: Command failed: git add package.json
10 verbose stack fatal: pathspec 'package.json' did not match any files
10 verbose stack
10 verbose stack     at ChildProcess.exithandler (child_process.js:213:12)
10 verbose stack     at emitTwo (events.js:87:13)
10 verbose stack     at ChildProcess.emit (events.js:172:7)
10 verbose stack     at maybeClose (internal/child_process.js:818:16)
10 verbose stack     at Socket.<anonymous> (internal/child_process.js:319:11)
10 verbose stack     at emitOne (events.js:77:13)
10 verbose stack     at Socket.emit (events.js:169:7)
10 verbose stack     at Pipe._onclose (net.js:469:12)
11 verbose cwd /Users/eladzlot/www/quest/src
12 error Darwin 15.6.0
13 error argv "/usr/local/bin/node" "/usr/local/bin/npm" "version" "patch"
14 error node v4.2.4
15 error npm  v2.14.12
16 error code 128
17 error Command failed: git add package.json
17 error fatal: pathspec 'package.json' did not match any files
18 error If you need help, you may report this error at:
18 error     <https://github.com/npm/npm/issues>
19 verbose exit [ 1, true ]
